[debug] [2019-10-22T10:57:00.157Z] ----------------------------------------------------------------------
[debug] [2019-10-22T10:57:00.165Z] Command:       C:\Program Files\nodejs\node.exe C:\Users\gusta\AppData\Roaming\npm\node_modules\firebase-tools\lib\bin\firebase.js deploy --only hosting
[debug] [2019-10-22T10:57:00.165Z] CLI Version:   7.0.1
[debug] [2019-10-22T10:57:00.165Z] Platform:      win32
[debug] [2019-10-22T10:57:00.165Z] Node Version:  v10.14.1
[debug] [2019-10-22T10:57:00.214Z] Time:          Tue Oct 22 2019 07:57:00 GMT-0300 (GMT-03:00)
[debug] [2019-10-22T10:57:00.214Z] ----------------------------------------------------------------------
[debug] 
[debug] [2019-10-22T10:57:00.308Z] > command requires scopes: ["email","openid","https://www.googleapis.com/auth/cloudplatformprojects.readonly","https://www.googleapis.com/auth/firebase","https://www.googleapis.com/auth/cloud-platform"]
[debug] [2019-10-22T10:57:00.312Z] > authorizing via signed-in user
[debug] [2019-10-22T10:57:00.312Z] [iam] checking project watchr-eceef for permissions ["firebase.projects.get","firebasehosting.sites.update"]
[debug] [2019-10-22T10:57:00.319Z] > refreshing access token with scopes: ["email","https://www.googleapis.com/auth/cloud-platform","https://www.googleapis.com/auth/cloudplatformprojects.readonly","https://www.googleapis.com/auth/firebase","openid"]
[debug] [2019-10-22T10:57:00.320Z] >>> HTTP REQUEST POST https://www.googleapis.com/oauth2/v3/token  
 <request body omitted>
[debug] [2019-10-22T10:57:02.042Z] <<< HTTP RESPONSE 200
[debug] [2019-10-22T10:57:02.120Z] >>> HTTP REQUEST POST https://cloudresourcemanager.googleapis.com/v1/projects/watchr-eceef:testIamPermissions  

[debug] [2019-10-22T10:57:04.318Z] <<< HTTP RESPONSE 200
[debug] [2019-10-22T10:57:04.325Z] >>> HTTP REQUEST GET https://firebase.googleapis.com/v1beta1/projects/watchr-eceef  
 
[debug] [2019-10-22T10:57:06.409Z] <<< HTTP RESPONSE 200
[debug] [2019-10-22T10:59:34.864Z] ----------------------------------------------------------------------
[debug] [2019-10-22T10:59:34.870Z] Command:       C:\Program Files\nodejs\node.exe C:\Users\gusta\AppData\Roaming\npm\node_modules\firebase-tools\lib\bin\firebase.js deploy --only hosting
[debug] [2019-10-22T10:59:34.871Z] CLI Version:   7.0.1
[debug] [2019-10-22T10:59:34.871Z] Platform:      win32
[debug] [2019-10-22T10:59:34.871Z] Node Version:  v10.14.1
[debug] [2019-10-22T10:59:34.873Z] Time:          Tue Oct 22 2019 07:59:34 GMT-0300 (GMT-03:00)
[debug] [2019-10-22T10:59:34.873Z] ----------------------------------------------------------------------
[debug] 
[debug] [2019-10-22T10:59:34.902Z] > command requires scopes: ["email","openid","https://www.googleapis.com/auth/cloudplatformprojects.readonly","https://www.googleapis.com/auth/firebase","https://www.googleapis.com/auth/cloud-platform"]
[debug] [2019-10-22T10:59:34.904Z] > authorizing via signed-in user
[debug] [2019-10-22T10:59:34.905Z] [iam] checking project watchr-eceef for permissions ["firebase.projects.get","firebasehosting.sites.update"]
[debug] [2019-10-22T10:59:34.910Z] >>> HTTP REQUEST POST https://cloudresourcemanager.googleapis.com/v1/projects/watchr-eceef:testIamPermissions  

[debug] [2019-10-22T10:59:56.303Z] Error: Client network socket disconnected before secure TLS connection was established
    at TLSSocket.onConnectEnd (_tls_wrap.js:1086:19)
    at Object.onceWrapper (events.js:273:13)
    at TLSSocket.emit (events.js:187:15)
    at TLSSocket.EventEmitter.emit (domain.js:442:20)
    at endReadableNT (_stream_readable.js:1094:12)
    at process._tickCallback (internal/process/next_tick.js:63:19)
[error] 
[error] Error: Server Error. Client network socket disconnected before secure TLS connection was established
